<?xml version="1.0" encoding="UTF-8"?>
<testng-results ignored="0" total="2" passed="2" failed="0" skipped="0">
  <reporter-output>
  </reporter-output>
  <suite started-at="2024-05-26T17:31:13 IST" name="Suite" finished-at="2024-05-26T17:31:52 IST" duration-ms="39072">
    <groups>
    </groups>
    <test started-at="2024-05-26T17:31:13 IST" name="Test" finished-at="2024-05-26T17:31:52 IST" duration-ms="39072">
      <class name="com.inetbanking.testCases.TC001_loginTest">
        <test-method is-config="true" signature="setUp(java.lang.String)[pri:0, instance:com.inetbanking.testCases.TC001_loginTest@5c33f1a9]" started-at="2024-05-26T17:31:14 IST" name="setUp" finished-at="2024-05-26T17:31:23 IST" duration-ms="9647" status="PASS">
          <params>
            <param index="0">
              <value>
                <![CDATA[chrome]]>
              </value>
            </param>
          </params>
          <reporter-output>
          </reporter-output>
        </test-method> <!-- setUp -->
        <test-method signature="loginTest()[pri:0, instance:com.inetbanking.testCases.TC001_loginTest@5c33f1a9]" started-at="2024-05-26T17:31:23 IST" name="loginTest" finished-at="2024-05-26T17:31:26 IST" duration-ms="2095" status="PASS">
          <reporter-output>
          </reporter-output>
        </test-method> <!-- loginTest -->
        <test-method is-config="true" signature="tearDown()[pri:0, instance:com.inetbanking.testCases.TC001_loginTest@5c33f1a9]" started-at="2024-05-26T17:31:26 IST" name="tearDown" finished-at="2024-05-26T17:31:26 IST" duration-ms="354" status="PASS">
          <reporter-output>
          </reporter-output>
        </test-method> <!-- tearDown -->
      </class> <!-- com.inetbanking.testCases.TC001_loginTest -->
      <class name="com.inetbanking.testCases.TC002_addCustomer">
        <test-method is-config="true" signature="setUp(java.lang.String)[pri:0, instance:com.inetbanking.testCases.TC002_addCustomer@223191a6]" started-at="2024-05-26T17:31:26 IST" name="setUp" finished-at="2024-05-26T17:31:33 IST" duration-ms="6622" status="PASS">
          <params>
            <param index="0">
              <value>
                <![CDATA[chrome]]>
              </value>
            </param>
          </params>
          <reporter-output>
          </reporter-output>
        </test-method> <!-- setUp -->
        <test-method signature="addNewCustomer()[pri:0, instance:com.inetbanking.testCases.TC002_addCustomer@223191a6]" started-at="2024-05-26T17:31:33 IST" name="addNewCustomer" finished-at="2024-05-26T17:31:52 IST" duration-ms="19185" status="PASS">
          <reporter-output>
          </reporter-output>
        </test-method> <!-- addNewCustomer -->
        <test-method is-config="true" signature="tearDown()[pri:0, instance:com.inetbanking.testCases.TC002_addCustomer@223191a6]" started-at="2024-05-26T17:31:52 IST" name="tearDown" finished-at="2024-05-26T17:31:52 IST" duration-ms="330" status="PASS">
          <reporter-output>
          </reporter-output>
        </test-method> <!-- tearDown -->
      </class> <!-- com.inetbanking.testCases.TC002_addCustomer -->
    </test> <!-- Test -->
  </suite> <!-- Suite -->
</testng-results>
