<?xml version="1.0" encoding="UTF-8"?>
<testng-results ignored="0" total="2" passed="2" failed="0" skipped="0">
  <reporter-output>
  </reporter-output>
  <suite started-at="2024-05-26T12:54:11 IST" name="Suite" finished-at="2024-05-26T12:54:42 IST" duration-ms="30933">
    <groups>
    </groups>
    <test started-at="2024-05-26T12:54:11 IST" name="Test" finished-at="2024-05-26T12:54:42 IST" duration-ms="30933">
      <class name="com.inetbanking.testCases.TC001_loginTest">
        <test-method is-config="true" signature="setUp(java.lang.String)[pri:0, instance:com.inetbanking.testCases.TC001_loginTest@3cd3e762]" started-at="2024-05-26T12:54:11 IST" name="setUp" finished-at="2024-05-26T12:54:18 IST" duration-ms="7011" status="PASS">
          <params>
            <param index="0">
              <value>
                <![CDATA[chrome]]>
              </value>
            </param>
          </params>
          <reporter-output>
          </reporter-output>
        </test-method> <!-- setUp -->
        <test-method signature="loginTest()[pri:0, instance:com.inetbanking.testCases.TC001_loginTest@3cd3e762]" started-at="2024-05-26T12:54:18 IST" name="loginTest" finished-at="2024-05-26T12:54:19 IST" duration-ms="1295" status="PASS">
          <reporter-output>
          </reporter-output>
        </test-method> <!-- loginTest -->
        <test-method is-config="true" signature="tearDown()[pri:0, instance:com.inetbanking.testCases.TC001_loginTest@3cd3e762]" started-at="2024-05-26T12:54:19 IST" name="tearDown" finished-at="2024-05-26T12:54:20 IST" duration-ms="224" status="PASS">
          <reporter-output>
          </reporter-output>
        </test-method> <!-- tearDown -->
      </class> <!-- com.inetbanking.testCases.TC001_loginTest -->
      <class name="com.inetbanking.testCases.TC002_addCustomer">
        <test-method is-config="true" signature="setUp(java.lang.String)[pri:0, instance:com.inetbanking.testCases.TC002_addCustomer@6ed3ccb2]" started-at="2024-05-26T12:54:20 IST" name="setUp" finished-at="2024-05-26T12:54:25 IST" duration-ms="5307" status="PASS">
          <params>
            <param index="0">
              <value>
                <![CDATA[chrome]]>
              </value>
            </param>
          </params>
          <reporter-output>
          </reporter-output>
        </test-method> <!-- setUp -->
        <test-method signature="addNewCustomer()[pri:0, instance:com.inetbanking.testCases.TC002_addCustomer@6ed3ccb2]" started-at="2024-05-26T12:54:25 IST" name="addNewCustomer" finished-at="2024-05-26T12:54:41 IST" duration-ms="16509" status="PASS">
          <reporter-output>
          </reporter-output>
        </test-method> <!-- addNewCustomer -->
        <test-method is-config="true" signature="tearDown()[pri:0, instance:com.inetbanking.testCases.TC002_addCustomer@6ed3ccb2]" started-at="2024-05-26T12:54:41 IST" name="tearDown" finished-at="2024-05-26T12:54:42 IST" duration-ms="294" status="PASS">
          <reporter-output>
          </reporter-output>
        </test-method> <!-- tearDown -->
      </class> <!-- com.inetbanking.testCases.TC002_addCustomer -->
    </test> <!-- Test -->
  </suite> <!-- Suite -->
</testng-results>
